###### Unmodified LlamaAttention: ##################################
The video is funny because the baby is trying to read a book 
while sitting on the bed, and he is making funny faces and sounds. 
The baby's actions are amusing and entertaining to watch.</s>

With seed 42: The video is funny because the baby is trying to read a book while sitting on the bed, 
and he is pointing to different parts of the book. The baby's actions are amusing because 
he is not able to read the book properly, and he is pointing to random parts of the book. 
The video captures the innocence and curiosity of a young child, and it is heartwarming 
to see the baby's attempts to make sense of the book.</s>

###### Change #1: Added initialization of multimodal inputs, no change to forward ########
The video is funny because the baby is trying to read a book, 
but he is not able to read it properly. He is pointing at the book and 
making funny faces, which adds to the humor of the video.</s>

###### Change #2: Added _calculate* method to class, no change to forward ########
The video is funny because the baby is trying to read a book
while sitting on the bed, and he is not able to read it properly. 
He is pointing to different parts of the book, and he is also trying
to put the book on his face. The baby's actions are amusing and adorable, 
making the video entertaining to watch.</s>

###### Change #3: Preponed KV cache lookup to before adding RoPE ########
The video is funny because the baby is trying to read a book
while sitting on the bed, and he is not able to do it properly. 
He is pointing to the book and looking at the camera, which adds to the humor 
of the situation.</s>

With seed 42: 
The video is funny because the baby is trying to read a book while sitting on the bed, 
and he is pointing to different parts of the book. The baby's actions are amusing because 
he is not able to read the book properly, and he is pointing to random parts of the book. 
The video captures the innocence and curiosity of a young child, and it is heartwarming 
to see the baby's attempts to make sense of the book.</s>

###### Change #4: Added position-wise rotary embeddings for each modality ######

# The rotary embedding for each modality is calculated wrt modality length

# no rotary embs
nobody, and a little girl reading a little girl reading a bookshirt.</s>

# all modalities rotary embs
and.</s> 

# only text rotary embs
. and. and. and. and. and. and. and. and. and. and. and.. and. and.. and. and...,,. and. and, and, and, and, and and, and, and, and, and, and and, and,. and and and. and. and.,,.....,...... and..., and,...........,.. and.. and.,. and.,, and.....,..........,...,.. and. and., and and. and. and. and and, and, and and and and and, and and, and, and,, and, and, and. and, and....,.. and..................... and.... and and and and and and and and and and and, and and and, and and and and and and and and and. and and in. and in. and in. in in in in in in in in in in in in in in in and in and in and and and and and in and and and and in in. and in and in in in and in in in in in. and in in. in in in in in in in in in in in in in. and. and and and and and and and and and and and and, and and and and. and and and and in. and in in in in in. in in in in in in in in in the in in in in the in the in in in in in in in and and and and and and and and and and and and and and and and in. and. and in in in in. in in in. and in in in in in in., in the in the in the in the in the in the. and in the and and and and and and and and and. and in the. and in the. and in the. The in the in the. The in the. The. The. The in a. The. The man's. The man's. The woman is laying in the room. The woman's. The. The man in the. The. The.. and and and in and in and and and in the in. in the on the in the in the in the in... and in the. and. and. and. and, and in the. The, and in the. The. The. The (and. The. The mother. The woman's. The woman's. The woman's. The woman is seen. The baby. The woman' (and. The girl and the man and the. The and and and. and and and and and and. and. (and. The. The boy. The boy. The boy's. The boy. The baby. The little girl's. Theo. The man in the room, and the man's. The little girl's. Theo. The mom and dad is holding a camera phone.</s>

# only video rotary embs
The baby The baby The baby The baby, the baby, the baby, the baby, the baby, who is sleeping and the baby,  the camera, and the camera, and the camera, the camera, the camera, and the camera, and the camera, and the camera, and the camera, and the camera, and the camera, and the camera, and the camera, and the camera, and the camera, and the camera,  and the camera, and the camera, and the camera, and the camera, and the camera, and the camera, and the camera, and the camera, and the camera, and the camera,  and the camera, and the camera, and the camera, and the camera, and the camera,  and the camera, and the camera, and the camera, and the camera, and the camera,  and the camera, and the camera, and the camera, and the camera, and the camera,  and the camera, and the camera, and the camera, and the camera, and the camera,  and the camera, and the camera, and the camera, and the camera, and the camera,  and the camera, and the camera, and the camera, and the camera, and the camera,  and the camera, and the camera, and the camera, and the camera, and the camera,  and the camera, and the camera, and the camera, and the camera, and the camera,  and the camera, and the camera, and the camera, and the camera, and the camera,  and the camera, and the camera, and the camera, and the camera, and the camera,  and the camera, and the camera, and the camera, and the camera, and the camera,  and the camera, and the camera, and the camera, and the camera, and the camera,  and the camera, and the camera, and the camera, and the camera, and the camera,  and the camera, and the camera, and the camera, and the camera, and the camera,  and the camera, and the camera, and the camera, and the camera, and the camera,  and the camera, and the camera, and the camera, and the camera, and the camera,  and the camera, and the camera, and the camera, and the camera, and the camera,  the camera, and the camera, and the camera, and the camera, and the camera, and  the camera, and the camera, and the camera, and the camera, and the camera, and  the camera, and the camera, and the camera, and the camera, and the camera, and  the camera, and the camera, and the camera, and the camera, and the camera, and  the camera, and the camera, and the camera, and the camera, and the camera, and  the camera, the camera, and the camera, and the camera, and the camera, and the  camera, and the camera, the camera, and the camera, and the camera, and the  camera, and the camera, and the camera, and the camera, and the camera, and the  camera, and the camera, and the camera, and the camera, and the camera, and  the camera, and the camera, and the camera, and the camera, and the camera, and the  camera, and the camera, and the camera, and the camera, and the camera, and  the camera, the camera, and the camera, and the camera, and the camera, and the  camera, and the camera, and the camera, the camera, and the camera, and the  camera, and the camera, and the camera, and the camera, and the camera, and the  camera, and the camera, and the little, and the camera, and the camera, and  the camera, and the camera, and the camera, and the camera, and the person is on the camera, and the camera, and the camera, and the camera, and the camera, and  the camera, and the girl, and the camera, and the girl, and the camera,  and the camera, and the camera, and the girl, the camera, and the girl, and the  girl, and the girl, and the camera, and the girl, and the girl, and the girl,  and the girl, and the camera, and the girl, and the girl, and the girl, and the  girl, and the girl, and the girl, the girl, and the little, and the girl, and  the camera, and the girl, and the camera, and the girl, and the girl, and the girl,  and the girl, the camera, the girl, the girl, and the girl, the girl, and the girl,  and the girl, and the girl, and the camera, and the girl, and the girl, and the  camera, and the girl, and the girl, and the girl, and the girl, and the girl,  and the girl, and the girl, and the girl, the girl, and the

######## Change #5: Keep text rotary embeddings as per the entire seq len, 
    use different embeddings set for video ##########

# text: full sequence length
# other modalities: individual modality length

# text full-length embs, video has video-length embs
The video is funny because the baby is trying to read a book while sitting on the bed, 
and he is pointing to different parts of the book. The baby's actions are amusing because 
he is not able to read the book properly, and he is pointing to random parts of the book. 
The video captures the innocence and curiosity of a young child, and it is heartwarming 
to see the baby's attempts to understand the book.</s>

# text full-length embs, video no embs
This video is funny because it shows a little boy reading a book while laying in bed. 
He puts nobody nobody nobody nobody.</s>